[2025-12-04 19:43:18] User logged out: 31
[2025-12-04 19:43:29] User logged in: zazamom2 (ID: 31)
[2025-12-04 19:43:35] User logged out: 31
[2025-12-04 19:43:51] User logged in: zazababy2 (ID: 30)
[2025-12-04 19:52:04] User logged out: 31
[2025-12-04 19:52:15] User logged in: zazababy2 (ID: 30)
[2025-12-04 19:53:08] User logged out: 31
[2025-12-04 19:53:19] User logged in: zazababy2 (ID: 30)
[2025-12-04 20:00:04] User logged out: 30
[2025-12-04 20:02:53] User logged in: los (ID: 12)
[2025-12-04 20:03:56] User logged in: los (ID: 12)
[2025-12-04 20:18:39] User logged in: los (ID: 12)
[2025-12-04 20:33:16] User logged in: los (ID: 12)
[2025-12-04 20:33:26] User logged in: law (ID: 13)
[2025-12-04 20:44:08] User logged out: 13
[2025-12-04 20:45:03] User logged in: los (ID: 12)
[2025-12-04 20:45:07] User logged in: law (ID: 13)
[2025-12-04 20:53:15] User logged out: 13
[2025-12-04 20:54:37] New user registered: maame (ID: 32)
[2025-12-04 20:56:08] New user registered: caroline (ID: 33)
[2025-12-04 21:12:51] User logged in: maame (ID: 32)
[2025-12-04 21:49:53] User logged out: 32
[2025-12-04 21:50:57] New user registered: Ato (ID: 34)
[2025-12-04 21:52:05] New user registered: atomom (ID: 35)
[2025-12-04 21:53:42] User logged out: 35
[2025-12-04 21:54:25] User logged in: Ato (ID: 34)
[2025-12-04 22:03:07] User logged out: 34
[2025-12-04 22:03:30] User logged in: Ato (ID: 34)
[2025-12-04 22:03:44] User logged in: atomom (ID: 35)
[2025-12-04 22:04:21] User logged out: 35
[2025-12-04 22:04:34] User logged in: Ato (ID: 34)
[2025-12-04 22:06:26] User logged out: 34
[2025-12-04 22:21:23] User logged in: Ato (ID: 34)
[2025-12-04 22:21:49] User logged in: atomom (ID: 35)
[2025-12-04 22:22:47] User logged out: 35
[2025-12-04 22:22:59] User logged in: Ato (ID: 34)
[2025-12-04 22:23:36] User logged in: atomom (ID: 35)
[2025-12-04 22:34:55] User logged out: 35
[2025-12-04 22:35:56] New user registered: Akosua (ID: 36)
[2025-12-04 22:37:09] New user registered: akosuamom (ID: 37)
[2025-12-04 22:49:12] User logged in: Akosua (ID: 36)
[2025-12-04 22:51:25] User logged in: zaza (ID: 26)
[2025-12-04 22:52:57] User logged in: zazadad (ID: 28)
[2025-12-04 22:53:31] User logged out: 28
[2025-12-04 22:56:13] New user registered: atopapa (ID: 38)
[2025-12-04 22:56:22] User logged out: 38
[2025-12-04 22:57:13] New user registered: atoba (ID: 39)
[2025-12-04 22:57:32] User logged out: 39
[2025-12-04 22:57:52] User logged in: atopapa (ID: 38)
[2025-12-04 22:58:13] User logged out: 38
[2025-12-04 22:58:48] User logged in: atoba (ID: 39)
[2025-12-04 22:59:30] User logged out: 39
[2025-12-04 22:59:49] User logged in: atopapa (ID: 38)
[2025-12-04 23:01:01] User logged out: 38
[2025-12-04 23:01:23] User logged in: atoba (ID: 39)
[2025-12-04 23:14:55] User logged out: 39
[2025-12-04 23:15:53] User logged in: atoba (ID: 39)
[2025-12-04 23:17:37] User logged out: 39
[2025-12-04 23:17:54] User logged in: atoba (ID: 39)
[2025-12-04 23:18:09] User logged out: 39
[2025-12-04 23:18:49] New user registered: des (ID: 40)
[2025-12-04 23:19:07] User logged in: zazamom (ID: 27)
[2025-12-04 23:26:44] User logged out: 27
[2025-12-04 23:27:52] User logged in: des (ID: 40)
[2025-12-04 23:29:54] User logged in: zazadad (ID: 28)
[2025-12-04 23:30:29] User logged out: 28
[2025-12-04 23:31:09] User logged in: des (ID: 40)
