[2025-12-02 14:51:18] New user registered: hyper (ID: 14)
[2025-12-02 14:54:55] User logged in: los (ID: 12)
[2025-12-02 14:55:41] User logged in: law (ID: 13)
[2025-12-02 18:41:26] User logged in: law (ID: 13)
[2025-12-02 18:41:40] User logged in: los (ID: 12)
[2025-12-02 18:43:52] User logged in: law (ID: 13)
[2025-12-02 18:44:33] User logged out: 13
[2025-12-02 18:45:02] New user registered: lemejy (ID: 15)
[2025-12-02 18:46:11] New user registered: fevijer (ID: 16)
[2025-12-02 18:48:08] User logged in: lemejy (ID: 15)
[2025-12-02 18:49:01] User logged in: fevijer (ID: 16)
[2025-12-02 19:00:37] User logged out: 16
[2025-12-02 19:07:03] User logged in: Getty (ID: 4)
[2025-12-02 19:07:17] User logged out: 4
[2025-12-02 19:07:31] User logged in: fevijer (ID: 16)
[2025-12-02 19:07:58] User logged out: 16
[2025-12-02 19:08:31] User logged in: los (ID: 12)
[2025-12-02 19:08:44] User logged out: 12
[2025-12-02 19:09:20] New user registered: Ama (ID: 19)
[2025-12-02 19:17:23] User logged out: 19
[2025-12-02 19:18:17] New user registered: Kojo (ID: 20)
[2025-12-02 19:19:34] New user registered: kojomaame (ID: 21)
[2025-12-02 19:25:49] User logged out: 21
[2025-12-02 19:26:57] New user registered: yaw (ID: 22)
[2025-12-02 19:28:10] New user registered: yaw1 (ID: 23)
[2025-12-02 19:39:14] User logged out: 23
[2025-12-02 19:39:29] User logged in: fevijer (ID: 16)
[2025-12-02 19:40:20] User logged out: 16
[2025-12-02 19:40:40] User logged in: los (ID: 12)
[2025-12-02 19:41:02] Failed login attempt for: getty@gmail.com
[2025-12-02 19:41:09] Failed login attempt for: yaw
[2025-12-02 19:41:26] Failed login attempt for: Yaw
[2025-12-02 19:41:35] User logged in: yaw (ID: 22)
[2025-12-02 19:42:03] User logged out: 22
[2025-12-02 19:42:49] New user registered: mel (ID: 24)
[2025-12-02 19:45:02] User logged out: 24
[2025-12-02 19:45:27] Failed login attempt for: happy@gmail.com
[2025-12-02 19:47:00] New user registered: tana (ID: 25)
[2025-12-02 19:56:50] Failed login attempt for: mel@gmail.com
[2025-12-02 19:57:17] User logged out: 25
[2025-12-02 20:01:27] New user registered: zaza (ID: 26)
[2025-12-02 20:02:01] New user registered: zazamom (ID: 27)
[2025-12-02 20:06:11] User logged out: 27
[2025-12-02 20:06:45] User logged in: zaza (ID: 26)
[2025-12-02 20:07:03] User logged out: 26
[2025-12-02 20:07:23] User logged in: zaza (ID: 26)
[2025-12-02 20:07:31] User logged in: zazamom (ID: 27)
[2025-12-02 20:14:44] User logged out: 27
[2025-12-02 20:15:06] User logged in: zaza (ID: 26)
[2025-12-02 20:15:50] User logged out: 26
[2025-12-02 20:16:08] User logged in: zazamom (ID: 27)
[2025-12-02 20:16:43] User logged out: 27
[2025-12-02 20:17:03] User logged in: zaza (ID: 26)
[2025-12-02 20:17:58] User logged in: zazamom (ID: 27)
[2025-12-02 20:19:18] User logged out: 27
[2025-12-02 20:19:50] User logged in: zaza (ID: 26)
[2025-12-02 20:30:52] User logged out: 26
[2025-12-02 20:31:08] User logged in: zaza (ID: 26)
[2025-12-02 20:32:58] User logged in: zazamom (ID: 27)
[2025-12-02 20:33:39] User logged out: 27
[2025-12-02 20:34:14] User logged in: zaza (ID: 26)
[2025-12-02 20:35:33] User logged in: zazamom (ID: 27)
