[2025-12-03 08:14:33] User logged in: zaza (ID: 26)
[2025-12-03 08:14:50] Failed login attempt for: zazamom@gmail.com
[2025-12-03 08:16:02] New user registered: zazadad (ID: 28)
[2025-12-03 08:18:24] User logged out: 28
[2025-12-03 08:21:44] New user registered: zazababy (ID: 29)
[2025-12-03 08:23:13] User logged out: 29
[2025-12-03 08:24:07] User logged in: zazamom (ID: 27)
[2025-12-03 08:24:27] User logged out: 27
[2025-12-03 08:25:02] User logged in: zazadad (ID: 28)
[2025-12-03 08:25:23] User logged out: 28
[2025-12-03 08:25:44] User logged in: zazababy (ID: 29)
[2025-12-03 08:36:56] User logged out: 29
[2025-12-03 08:37:21] User logged in: zazababy (ID: 29)
[2025-12-03 08:37:48] User logged in: zazadad (ID: 28)
[2025-12-03 08:38:28] User logged in: zazababy (ID: 29)
[2025-12-03 08:38:45] User logged out: 29
[2025-12-03 08:39:01] User logged in: zazadad (ID: 28)
[2025-12-03 08:39:29] User logged out: 28
[2025-12-03 08:39:48] User logged in: zazababy (ID: 29)
[2025-12-03 08:40:48] User logged in: zazadad (ID: 28)
[2025-12-03 08:47:05] User logged out: 28
[2025-12-03 08:51:13] Failed login attempt for: zazababy
[2025-12-03 08:51:31] User logged in: zazababy (ID: 29)
[2025-12-03 08:51:48] User logged in: zazadad (ID: 28)
[2025-12-03 08:58:37] User logged out: 28
[2025-12-03 08:59:07] User logged in: zazababy (ID: 29)
[2025-12-03 08:59:18] User logged in: zazadad (ID: 28)
[2025-12-03 09:02:33] User logged out: 28
[2025-12-03 09:03:42] User logged in: zaza (ID: 26)
[2025-12-03 09:03:53] User logged in: zazadad (ID: 28)
[2025-12-03 09:04:06] User logged out: 28
[2025-12-03 09:04:22] User logged in: zazababy (ID: 29)
[2025-12-03 09:09:24] User logged out: 29
[2025-12-03 09:10:06] User logged in: zazababy (ID: 29)
[2025-12-03 09:10:19] User logged in: zazadad (ID: 28)
[2025-12-03 09:11:10] User logged in: zazababy (ID: 29)
