[2025-11-26 12:02:06] New user registered: Getty (ID: 4)
[2025-11-26 12:02:20] User logged in: Getty (ID: 4)
[2025-11-26 12:02:30] User logged in: Getty (ID: 4)
[2025-11-26 12:02:52] User logged in: Getty (ID: 4)
[2025-11-26 12:03:02] User logged in: Getty (ID: 4)
[2025-11-26 12:08:42] User logged in: Getty (ID: 4)
[2025-11-26 12:11:25] User logged in: Getty (ID: 4)
[2025-11-26 12:13:49] Failed login attempt for: ella_explorer
[2025-11-26 12:13:52] Failed login attempt for: ella_explorer
[2025-11-26 12:23:46] User logged in: Getty (ID: 4)
[2025-11-26 12:23:51] User logged in: Getty (ID: 4)
[2025-11-26 12:32:08] User logged in: Getty (ID: 4)
[2025-11-26 12:37:22] User logged in: Getty (ID: 4)
[2025-11-26 12:41:46] User logged out: 4
[2025-11-26 13:09:26] User logged in: Getty (ID: 4)
[2025-11-26 13:18:08] User logged out: 4
[2025-11-26 13:18:24] Failed login attempt for: ella_explorer
[2025-11-26 13:18:32] Failed login attempt for: ella_explorer
[2025-11-26 13:19:21] New user registered: nana (ID: 5)
[2025-11-26 13:20:50] User logged out: 5
[2025-11-26 13:21:24] User logged in: Getty (ID: 4)
